
> website@0.0.0 build
> docusaurus build

[INFO] Website will be built for all these locales: 
- ja
- en
[INFO] [ja] Creating an optimized production build...
[90m[[90mwebpackbar[90m][39m [36m邃ｹ[39m Compiling Client
[90m[[90mwebpackbar[90m][39m [36m邃ｹ[39m Compiling Server
[90m[[90mwebpackbar[90m][39m [32m笨・[39m Server: Compiled with some errors in 1.70s
[90m[[90mwebpackbar[90m][39m [32m笨・[39m Client: Compiled with some errors in 26.39s
[ERROR] Client bundle compiled with errors therefore further build is impossible.
Error: MDX compilation failed for file "G:\repogitory\site-docusaurus-react-study\website\docs\react-study\01-preparation\react_study_009.md"
Cause: Markdown image with URL `picture/react_study_009_jsx_blender.png` in source file "docs/react-study/01-preparation/react_study_009.md" (77:3) couldn't be resolved to an existing local image file.
To ignore this error, use the `siteConfig.markdown.hooks.onBrokenMarkdownImages` option, or apply the `pathname://` protocol to the broken image URLs.
Details:
Error: Markdown image with URL `picture/react_study_009_jsx_blender.png` in source file "docs/react-study/01-preparation/react_study_009.md" (77:3) couldn't be resolved to an existing local image file.
To ignore this error, use the `siteConfig.markdown.hooks.onBrokenMarkdownImages` option, or apply the `pathname://` protocol to the broken image URLs.
    at async Promise.all (index 0)

--------------------------

Error: MDX compilation failed for file "G:\repogitory\site-docusaurus-react-study\website\docs\react-study\01-preparation\react_study_010.md"
Cause: Markdown image with URL `picture/react_study_010_xray_specs.png` in source file "docs/react-study/01-preparation/react_study_010.md" (64:3) couldn't be resolved to an existing local image file.
To ignore this error, use the `siteConfig.markdown.hooks.onBrokenMarkdownImages` option, or apply the `pathname://` protocol to the broken image URLs.
Details:
Error: Markdown image with URL `picture/react_study_010_xray_specs.png` in source file "docs/react-study/01-preparation/react_study_010.md" (64:3) couldn't be resolved to an existing local image file.
To ignore this error, use the `siteConfig.markdown.hooks.onBrokenMarkdownImages` option, or apply the `pathname://` protocol to the broken image URLs.
    at async Promise.all (index 0)

--------------------------

Error: MDX compilation failed for file "G:\repogitory\site-docusaurus-react-study\website\docs\react-study\02-jsx-basics\react_study_011.md"
Cause: Markdown image with URL `picture/react_study_011_jsx_machine.png` in source file "docs/react-study/02-jsx-basics/react_study_011.md" (26:1) couldn't be resolved to an existing local image file.
To ignore this error, use the `siteConfig.markdown.hooks.onBrokenMarkdownImages` option, or apply the `pathname://` protocol to the broken image URLs.
Details:
Error: Markdown image with URL `picture/react_study_011_jsx_machine.png` in source file "docs/react-study/02-jsx-basics/react_study_011.md" (26:1) couldn't be resolved to an existing local image file.
To ignore this error, use the `siteConfig.markdown.hooks.onBrokenMarkdownImages` option, or apply the `pathname://` protocol to the broken image URLs.
    at async Promise.all (index 0)

--------------------------

Error: MDX compilation failed for file "G:\repogitory\site-docusaurus-react-study\website\docs\react-study\02-jsx-basics\react_study_012.md"
Cause: Markdown image with URL `picture/react_study_012_wrapping_basket.png` in source file "docs/react-study/02-jsx-basics/react_study_012.md" (66:1) couldn't be resolved to an existing local image file.
To ignore this error, use the `siteConfig.markdown.hooks.onBrokenMarkdownImages` option, or apply the `pathname://` protocol to the broken image URLs.
Details:
Error: Markdown image with URL `picture/react_study_012_wrapping_basket.png` in source file "docs/react-study/02-jsx-basics/react_study_012.md" (66:1) couldn't be resolved to an existing local image file.
To ignore this error, use the `siteConfig.markdown.hooks.onBrokenMarkdownImages` option, or apply the `pathname://` protocol to the broken image URLs.
    at async Promise.all (index 0)

--------------------------

Error: MDX compilation failed for file "G:\repogitory\site-docusaurus-react-study\website\docs\react-study\02-jsx-basics\react_study_013.md"
Cause: Markdown image with URL `picture/react_study_013_camel_case.png` in source file "docs/react-study/02-jsx-basics/react_study_013.md" (52:1) couldn't be resolved to an existing local image file.
To ignore this error, use the `siteConfig.markdown.hooks.onBrokenMarkdownImages` option, or apply the `pathname://` protocol to the broken image URLs.
Details:
Error: Markdown image with URL `picture/react_study_013_camel_case.png` in source file "docs/react-study/02-jsx-basics/react_study_013.md" (52:1) couldn't be resolved to an existing local image file.
To ignore this error, use the `siteConfig.markdown.hooks.onBrokenMarkdownImages` option, or apply the `pathname://` protocol to the broken image URLs.
    at async Promise.all (index 0)

--------------------------

Error: MDX compilation failed for file "G:\repogitory\site-docusaurus-react-study\website\docs\react-study\02-jsx-basics\react_study_014.md"
Cause: Markdown image with URL `picture/react_study_014_curly_braces.png` in source file "docs/react-study/02-jsx-basics/react_study_014.md" (46:1) couldn't be resolved to an existing local image file.
To ignore this error, use the `siteConfig.markdown.hooks.onBrokenMarkdownImages` option, or apply the `pathname://` protocol to the broken image URLs.
Details:
Error: Markdown image with URL `picture/react_study_014_curly_braces.png` in source file "docs/react-study/02-jsx-basics/react_study_014.md" (46:1) couldn't be resolved to an existing local image file.
To ignore this error, use the `siteConfig.markdown.hooks.onBrokenMarkdownImages` option, or apply the `pathname://` protocol to the broken image URLs.
    at async Promise.all (index 0)

--------------------------

Error: MDX compilation failed for file "G:\repogitory\site-docusaurus-react-study\website\docs\react-study\02-jsx-basics\react_study_015.md"
Cause: Markdown image with URL `picture/react_study_015_style_palette.png` in source file "docs/react-study/02-jsx-basics/react_study_015.md" (19:1) couldn't be resolved to an existing local image file.
To ignore this error, use the `siteConfig.markdown.hooks.onBrokenMarkdownImages` option, or apply the `pathname://` protocol to the broken image URLs.
Details:
Error: Markdown image with URL `picture/react_study_015_style_palette.png` in source file "docs/react-study/02-jsx-basics/react_study_015.md" (19:1) couldn't be resolved to an existing local image file.
To ignore this error, use the `siteConfig.markdown.hooks.onBrokenMarkdownImages` option, or apply the `pathname://` protocol to the broken image URLs.
    at async Promise.all (index 0)

--------------------------

Error: MDX compilation failed for file "G:\repogitory\site-docusaurus-react-study\website\docs\react-study\02-jsx-basics\react_study_016.md"
Cause: Markdown image with URL `picture/react_study_016_component_stamp.png` in source file "docs/react-study/02-jsx-basics/react_study_016.md" (34:1) couldn't be resolved to an existing local image file.
To ignore this error, use the `siteConfig.markdown.hooks.onBrokenMarkdownImages` option, or apply the `pathname://` protocol to the broken image URLs.
Details:
Error: Markdown image with URL `picture/react_study_016_component_stamp.png` in source file "docs/react-study/02-jsx-basics/react_study_016.md" (34:1) couldn't be resolved to an existing local image file.
To ignore this error, use the `siteConfig.markdown.hooks.onBrokenMarkdownImages` option, or apply the `pathname://` protocol to the broken image URLs.
    at async Promise.all (index 0)

--------------------------

Error: MDX compilation failed for file "G:\repogitory\site-docusaurus-react-study\website\docs\react-study\02-jsx-basics\react_study_017.md"
Cause: Markdown image with URL `picture/react_study_017_component_library.png` in source file "docs/react-study/02-jsx-basics/react_study_017.md" (33:1) couldn't be resolved to an existing local image file.
To ignore this error, use the `siteConfig.markdown.hooks.onBrokenMarkdownImages` option, or apply the `pathname://` protocol to the broken image URLs.
Details:
Error: Markdown image with URL `picture/react_study_017_component_library.png` in source file "docs/react-study/02-jsx-basics/react_study_017.md" (33:1) couldn't be resolved to an existing local image file.
To ignore this error, use the `siteConfig.markdown.hooks.onBrokenMarkdownImages` option, or apply the `pathname://` protocol to the broken image URLs.
    at async Promise.all (index 0)

--------------------------

Error: MDX compilation failed for file "G:\repogitory\site-docusaurus-react-study\website\docs\react-study\02-jsx-basics\react_study_018.md"
Cause: Markdown image with URL `picture/react_study_018_type_vs_interface.png` in source file "docs/react-study/02-jsx-basics/react_study_018.md" (31:1) couldn't be resolved to an existing local image file.
To ignore this error, use the `siteConfig.markdown.hooks.onBrokenMarkdownImages` option, or apply the `pathname://` protocol to the broken image URLs.
Details:
Error: Markdown image with URL `picture/react_study_018_type_vs_interface.png` in source file "docs/react-study/02-jsx-basics/react_study_018.md" (31:1) couldn't be resolved to an existing local image file.
To ignore this error, use the `siteConfig.markdown.hooks.onBrokenMarkdownImages` option, or apply the `pathname://` protocol to the broken image URLs.
    at async Promise.all (index 0)

--------------------------

Error: MDX compilation failed for file "G:\repogitory\site-docusaurus-react-study\website\docs\react-study\02-jsx-basics\react_study_019.md"
Cause: Markdown image with URL `picture/react_study_019_type_guardian.png` in source file "docs/react-study/02-jsx-basics/react_study_019.md" (172:1) couldn't be resolved to an existing local image file.
To ignore this error, use the `siteConfig.markdown.hooks.onBrokenMarkdownImages` option, or apply the `pathname://` protocol to the broken image URLs.
Details:
Error: Markdown image with URL `picture/react_study_019_type_guardian.png` in source file "docs/react-study/02-jsx-basics/react_study_019.md" (172:1) couldn't be resolved to an existing local image file.
To ignore this error, use the `siteConfig.markdown.hooks.onBrokenMarkdownImages` option, or apply the `pathname://` protocol to the broken image URLs.
    at async Promise.all (index 0)

--------------------------

Error: MDX compilation failed for file "G:\repogitory\site-docusaurus-react-study\website\docs\react-study\02-jsx-basics\react_study_020.md"
Cause: Markdown image with URL `picture/react_study_020_card_assembly.png` in source file "docs/react-study/02-jsx-basics/react_study_020.md" (56:1) couldn't be resolved to an existing local image file.
To ignore this error, use the `siteConfig.markdown.hooks.onBrokenMarkdownImages` option, or apply the `pathname://` protocol to the broken image URLs.
Details:
Error: Markdown image with URL `picture/react_study_020_card_assembly.png` in source file "docs/react-study/02-jsx-basics/react_study_020.md" (56:1) couldn't be resolved to an existing local image file.
To ignore this error, use the `siteConfig.markdown.hooks.onBrokenMarkdownImages` option, or apply the `pathname://` protocol to the broken image URLs.
    at async Promise.all (index 0)

--------------------------

Error: MDX compilation failed for file "G:\repogitory\site-docusaurus-react-study\website\docs\react-study\03-props\react_study_021.md"
Cause: Markdown image with URL `picture/react_study_021_props_baton.png` in source file "docs/react-study/03-props/react_study_021.md" (12:1) couldn't be resolved to an existing local image file.
To ignore this error, use the `siteConfig.markdown.hooks.onBrokenMarkdownImages` option, or apply the `pathname://` protocol to the broken image URLs.
Details:
Error: Markdown image with URL `picture/react_study_021_props_baton.png` in source file "docs/react-study/03-props/react_study_021.md" (12:1) couldn't be resolved to an existing local image file.
To ignore this error, use the `siteConfig.markdown.hooks.onBrokenMarkdownImages` option, or apply the `pathname://` protocol to the broken image URLs.
    at async Promise.all (index 0)

--------------------------

Error: MDX compilation failed for file "G:\repogitory\site-docusaurus-react-study\website\docs\react-study\03-props\react_study_022.md"
Cause: Markdown image with URL `picture/react_study_022_props_conveyor.png` in source file "docs/react-study/03-props/react_study_022.md" (10:1) couldn't be resolved to an existing local image file.
To ignore this error, use the `siteConfig.markdown.hooks.onBrokenMarkdownImages` option, or apply the `pathname://` protocol to the broken image URLs.
Details:
Error: Markdown image with URL `picture/react_study_022_props_conveyor.png` in source file "docs/react-study/03-props/react_study_022.md" (10:1) couldn't be resolved to an existing local image file.
To ignore this error, use the `siteConfig.markdown.hooks.onBrokenMarkdownImages` option, or apply the `pathname://` protocol to the broken image URLs.
    at async Promise.all (index 0)

--------------------------

Error: MDX compilation failed for file "G:\repogitory\site-docusaurus-react-study\website\docs\react-study\03-props\react_study_023.md"
Cause: Markdown image with URL `picture/react_study_023_explicit_props.png` in source file "docs/react-study/03-props/react_study_023.md" (10:1) couldn't be resolved to an existing local image file.
To ignore this error, use the `siteConfig.markdown.hooks.onBrokenMarkdownImages` option, or apply the `pathname://` protocol to the broken image URLs.
Details:
Error: Markdown image with URL `picture/react_study_023_explicit_props.png` in source file "docs/react-study/03-props/react_study_023.md" (10:1) couldn't be resolved to an existing local image file.
To ignore this error, use the `siteConfig.markdown.hooks.onBrokenMarkdownImages` option, or apply the `pathname://` protocol to the broken image URLs.
    at async Promise.all (index 0)

--------------------------

Error: MDX compilation failed for file "G:\repogitory\site-docusaurus-react-study\website\docs\react-study\03-props\react_study_024.md"
Cause: Markdown image with URL `picture/react_study_024_slot_machine.png` in source file "docs/react-study/03-props/react_study_024.md" (10:1) couldn't be resolved to an existing local image file.
To ignore this error, use the `siteConfig.markdown.hooks.onBrokenMarkdownImages` option, or apply the `pathname://` protocol to the broken image URLs.
Details:
Error: Markdown image with URL `picture/react_study_024_slot_machine.png` in source file "docs/react-study/03-props/react_study_024.md" (10:1) couldn't be resolved to an existing local image file.
To ignore this error, use the `siteConfig.markdown.hooks.onBrokenMarkdownImages` option, or apply the `pathname://` protocol to the broken image URLs.
    at async Promise.all (index 0)

--------------------------

Error: MDX compilation failed for file "G:\repogitory\site-docusaurus-react-study\website\docs\react-study\03-props\react_study_025.md"
Cause: Markdown image with URL `picture/react_study_025_card_container.png` in source file "docs/react-study/03-props/react_study_025.md" (211:1) couldn't be resolved to an existing local image file.
To ignore this error, use the `siteConfig.markdown.hooks.onBrokenMarkdownImages` option, or apply the `pathname://` protocol to the broken image URLs.
Details:
Error: Markdown image with URL `picture/react_study_025_card_container.png` in source file "docs/react-study/03-props/react_study_025.md" (211:1) couldn't be resolved to an existing local image file.
To ignore this error, use the `siteConfig.markdown.hooks.onBrokenMarkdownImages` option, or apply the `pathname://` protocol to the broken image URLs.
    at async Promise.all (index 0)

--------------------------

Error: MDX compilation failed for file "G:\repogitory\site-docusaurus-react-study\website\docs\react-study\03-props\react_study_026.md"
Cause: Markdown image with URL `picture/react_study_026_destructuring.png` in source file "docs/react-study/03-props/react_study_026.md" (162:1) couldn't be resolved to an existing local image file.
To ignore this error, use the `siteConfig.markdown.hooks.onBrokenMarkdownImages` option, or apply the `pathname://` protocol to the broken image URLs.
Details:
Error: Markdown image with URL `picture/react_study_026_destructuring.png` in source file "docs/react-study/03-props/react_study_026.md" (162:1) couldn't be resolved to an existing local image file.
To ignore this error, use the `siteConfig.markdown.hooks.onBrokenMarkdownImages` option, or apply the `pathname://` protocol to the broken image URLs.
    at async Promise.all (index 0)

--------------------------

Error: MDX compilation failed for file "G:\repogitory\site-docusaurus-react-study\website\docs\react-study\03-props\react_study_027.md"
Cause: Markdown image with URL `picture/react_study_027_children_flow.png` in source file "docs/react-study/03-props/react_study_027.md" (43:1) couldn't be resolved to an existing local image file.
To ignore this error, use the `siteConfig.markdown.hooks.onBrokenMarkdownImages` option, or apply the `pathname://` protocol to the broken image URLs.
Details:
Error: Markdown image with URL `picture/react_study_027_children_flow.png` in source file "docs/react-study/03-props/react_study_027.md" (43:1) couldn't be resolved to an existing local image file.
To ignore this error, use the `siteConfig.markdown.hooks.onBrokenMarkdownImages` option, or apply the `pathname://` protocol to the broken image URLs.
    at async Promise.all (index 0)
